[0.468s] Invoking command in '/home/sora/ros2_ws/src/mypkg': PYTHONPATH=/home/sora/ros2_ws/src/mypkg/build/mypkg/prefix_override:/usr/lib/python3/dist-packages/colcon_core/task/python/colcon_distutils_commands:/home/sora/ros2_ws/src/mypkg/install/mypkg/lib/python3.8/site-packages:${PYTHONPATH} /usr/bin/python3 -W ignore:setup.py install is deprecated setup.py egg_info --egg-base build/mypkg build --build-base /home/sora/ros2_ws/src/mypkg/build/mypkg/build install --record /home/sora/ros2_ws/src/mypkg/build/mypkg/install.log --install-scripts $base/lib/mypkg --single-version-externally-managed install_data
[0.619s] running egg_info
[0.619s] creating build/mypkg/mypkg.egg-info
[0.619s] writing build/mypkg/mypkg.egg-info/PKG-INFO
[0.620s] writing dependency_links to build/mypkg/mypkg.egg-info/dependency_links.txt
[0.620s] writing entry points to build/mypkg/mypkg.egg-info/entry_points.txt
[0.620s] writing requirements to build/mypkg/mypkg.egg-info/requires.txt
[0.620s] writing top-level names to build/mypkg/mypkg.egg-info/top_level.txt
[0.621s] writing manifest file 'build/mypkg/mypkg.egg-info/SOURCES.txt'
[0.646s] reading manifest file 'build/mypkg/mypkg.egg-info/SOURCES.txt'
[0.647s] writing manifest file 'build/mypkg/mypkg.egg-info/SOURCES.txt'
[0.647s] running build
[0.647s] running build_py
[0.650s] creating /home/sora/ros2_ws/src/mypkg/build/mypkg/build
[0.651s] creating /home/sora/ros2_ws/src/mypkg/build/mypkg/build/lib
[0.651s] creating /home/sora/ros2_ws/src/mypkg/build/mypkg/build/lib/mypkg
[0.651s] copying mypkg/talker.py -> /home/sora/ros2_ws/src/mypkg/build/mypkg/build/lib/mypkg
[0.651s] copying mypkg/listener.py -> /home/sora/ros2_ws/src/mypkg/build/mypkg/build/lib/mypkg
[0.651s] copying mypkg/__init__.py -> /home/sora/ros2_ws/src/mypkg/build/mypkg/build/lib/mypkg
[0.651s] running install
[0.652s] running install_lib
[0.652s] creating /home/sora/ros2_ws/src/mypkg/install/mypkg/lib/python3.8/site-packages/mypkg
[0.653s] copying /home/sora/ros2_ws/src/mypkg/build/mypkg/build/lib/mypkg/talker.py -> /home/sora/ros2_ws/src/mypkg/install/mypkg/lib/python3.8/site-packages/mypkg
[0.653s] copying /home/sora/ros2_ws/src/mypkg/build/mypkg/build/lib/mypkg/listener.py -> /home/sora/ros2_ws/src/mypkg/install/mypkg/lib/python3.8/site-packages/mypkg
[0.653s] copying /home/sora/ros2_ws/src/mypkg/build/mypkg/build/lib/mypkg/__init__.py -> /home/sora/ros2_ws/src/mypkg/install/mypkg/lib/python3.8/site-packages/mypkg
[0.653s] byte-compiling /home/sora/ros2_ws/src/mypkg/install/mypkg/lib/python3.8/site-packages/mypkg/talker.py to talker.cpython-38.pyc
[0.654s] byte-compiling /home/sora/ros2_ws/src/mypkg/install/mypkg/lib/python3.8/site-packages/mypkg/listener.py to listener.cpython-38.pyc
[0.655s] byte-compiling /home/sora/ros2_ws/src/mypkg/install/mypkg/lib/python3.8/site-packages/mypkg/__init__.py to __init__.cpython-38.pyc
[0.655s] running install_data
[0.655s] creating /home/sora/ros2_ws/src/mypkg/install/mypkg/share/ament_index
[0.656s] creating /home/sora/ros2_ws/src/mypkg/install/mypkg/share/ament_index/resource_index
[0.656s] creating /home/sora/ros2_ws/src/mypkg/install/mypkg/share/ament_index/resource_index/packages
[0.656s] copying resource/mypkg -> /home/sora/ros2_ws/src/mypkg/install/mypkg/share/ament_index/resource_index/packages
[0.656s] copying package.xml -> /home/sora/ros2_ws/src/mypkg/install/mypkg/share/mypkg
[0.656s] running install_egg_info
[0.657s] Copying build/mypkg/mypkg.egg-info to /home/sora/ros2_ws/src/mypkg/install/mypkg/lib/python3.8/site-packages/mypkg-0.0.0-py3.8.egg-info
[0.658s] running install_scripts
[0.673s] Installing listener script to /home/sora/ros2_ws/src/mypkg/install/mypkg/lib/mypkg
[0.673s] Installing talker script to /home/sora/ros2_ws/src/mypkg/install/mypkg/lib/mypkg
[0.673s] writing list of installed files to '/home/sora/ros2_ws/src/mypkg/build/mypkg/install.log'
[0.689s] Invoked command in '/home/sora/ros2_ws/src/mypkg' returned '0': PYTHONPATH=/home/sora/ros2_ws/src/mypkg/build/mypkg/prefix_override:/usr/lib/python3/dist-packages/colcon_core/task/python/colcon_distutils_commands:/home/sora/ros2_ws/src/mypkg/install/mypkg/lib/python3.8/site-packages:${PYTHONPATH} /usr/bin/python3 -W ignore:setup.py install is deprecated setup.py egg_info --egg-base build/mypkg build --build-base /home/sora/ros2_ws/src/mypkg/build/mypkg/build install --record /home/sora/ros2_ws/src/mypkg/build/mypkg/install.log --install-scripts $base/lib/mypkg --single-version-externally-managed install_data
